2025-03-17 12:39:48 [main] INFO  Group_Package.My_Project.Sign_with_valid_Credentials - WebDriver of type chrome driver has been selected...
2025-03-17 12:40:02 [main] INFO  Group_Package.My_Project.Sign_with_valid_Credentials - URL has been launched
2025-03-17 12:40:12 [main] INFO  Group_Package.My_Project.Sign_with_valid_Credentials - Window has been maximized
2025-03-17 12:45:48 [main] INFO  Group_Package.My_Project.Sign_with_valid_Credentials - WebDriver of type chrome driver has been selected...
2025-03-17 12:46:05 [main] INFO  Group_Package.My_Project.Sign_with_valid_Credentials - URL has been launched
2025-03-17 12:46:19 [main] INFO  Group_Package.My_Project.Sign_with_valid_Credentials - Window has been maximized
2025-03-17 12:51:01 [main] INFO  Group_Package.My_Project.Sign_with_valid_Credentials - WebDriver of type chrome driver has been selected...
2025-03-17 12:51:21 [main] INFO  Group_Package.My_Project.Sign_with_valid_Credentials - URL has been launched
2025-03-17 12:51:35 [main] INFO  Group_Package.My_Project.Sign_with_valid_Credentials - Window has been maximized
2025-03-17 12:53:13 [main] INFO  Group_Package.My_Project.Sign_with_valid_Credentials - Entering the email address..ap_email
2025-03-17 12:53:32 [main] INFO  Group_Package.My_Project.Sign_with_valid_Credentials - Done entering the email address..
2025-03-17 12:53:32 [main] INFO  Group_Package.My_Project.Sign_with_valid_Credentials - Clicking on Signin..
2025-03-17 12:53:49 [main] INFO  Group_Package.My_Project.Sign_with_valid_Credentials - Done clicking on Signin..
2025-03-17 13:04:05 [main] INFO  Group_Package.My_Project.Sign_with_valid_Credentials - WebDriver of type chrome driver has been selected...
2025-03-17 13:04:31 [main] INFO  Group_Package.My_Project.Sign_with_valid_Credentials - URL has been launched
2025-03-17 13:04:40 [main] INFO  Group_Package.My_Project.Sign_with_valid_Credentials - Window has been maximized
2025-03-17 13:06:43 [main] INFO  Group_Package.My_Project.Sign_with_valid_Credentials - Entering the email address..ap_email
2025-03-17 13:06:57 [main] INFO  Group_Package.My_Project.Sign_with_valid_Credentials - Done entering the email address..
2025-03-17 13:06:57 [main] INFO  Group_Package.My_Project.Sign_with_valid_Credentials - Clicking on Signin..
2025-03-17 13:07:17 [main] INFO  Group_Package.My_Project.Sign_with_valid_Credentials - Done clicking on Signin..
2025-03-17 13:21:11 [main] INFO  Group_Package.My_Project.Sign_with_valid_Credentials - WebDriver of type chrome driver has been selected...
2025-03-17 13:21:30 [main] INFO  Group_Package.My_Project.Sign_with_valid_Credentials - URL has been launched
2025-03-17 13:21:45 [main] INFO  Group_Package.My_Project.Sign_with_valid_Credentials - Window has been maximized
2025-03-17 13:23:51 [main] INFO  Group_Package.My_Project.Sign_with_valid_Credentials - Entering the email address..ap_email
2025-03-17 13:24:11 [main] INFO  Group_Package.My_Project.Sign_with_valid_Credentials - Done entering the email address..
2025-03-17 13:24:11 [main] INFO  Group_Package.My_Project.Sign_with_valid_Credentials - Clicking on Signin..
2025-03-17 13:24:28 [main] INFO  Group_Package.My_Project.Sign_with_valid_Credentials - Done clicking on Signin..
2025-03-17 13:25:13 [main] INFO  Group_Package.My_Project.Sign_with_valid_Credentials - Unable to log into the system, some issue occurred..
2025-03-17 13:26:53 [main] INFO  Group_Package.My_Project.Sign_with_valid_Credentials - WebDriver of type chrome driver has been selected...
2025-03-17 13:27:12 [main] INFO  Group_Package.My_Project.Sign_with_valid_Credentials - URL has been launched
2025-03-17 13:27:21 [main] INFO  Group_Package.My_Project.Sign_with_valid_Credentials - Window has been maximized
2025-03-23 20:16:59 [main] INFO  Group_Package.My_Project.Signin_add_product_to_Cart - WebDriver of type chrome driver has been selected...
2025-03-23 20:17:14 [main] INFO  Group_Package.My_Project.Signin_add_product_to_Cart - URL has been launched
2025-03-23 20:17:20 [main] INFO  Group_Package.My_Project.Signin_add_product_to_Cart - Window has been maximized
2025-03-23 20:18:36 [main] INFO  Group_Package.My_Project.Signin_add_product_to_Cart - Entering the email address..ap_email
2025-03-23 20:18:47 [main] INFO  Group_Package.My_Project.Signin_add_product_to_Cart - Done entering the email address..
2025-03-23 20:18:47 [main] INFO  Group_Package.My_Project.Signin_add_product_to_Cart - Clicking on Signin..
2025-03-23 20:19:01 [main] INFO  Group_Package.My_Project.Signin_add_product_to_Cart - Done clicking on Signin..
2025-03-23 20:39:44 [main] INFO  Group_Package.My_Project.Signin_add_product_to_Cart - WebDriver of type chrome driver has been selected...
2025-03-23 20:40:06 [main] INFO  Group_Package.My_Project.Signin_add_product_to_Cart - URL has been launched
2025-03-23 20:40:10 [main] INFO  Group_Package.My_Project.Signin_add_product_to_Cart - Window has been maximized
2025-03-23 20:41:22 [main] INFO  Group_Package.My_Project.Signin_add_product_to_Cart - Entering the email address..ap_email
2025-03-23 20:41:30 [main] INFO  Group_Package.My_Project.Signin_add_product_to_Cart - Done entering the email address..
2025-03-23 20:41:30 [main] INFO  Group_Package.My_Project.Signin_add_product_to_Cart - Clicking on Signin..
2025-03-23 20:41:44 [main] INFO  Group_Package.My_Project.Signin_add_product_to_Cart - Done clicking on Signin..
2025-03-23 20:45:37 [main] INFO  Group_Package.My_Project.Signin_add_product_to_Cart - WebDriver of type chrome driver has been selected...
2025-03-23 20:45:58 [main] INFO  Group_Package.My_Project.Signin_add_product_to_Cart - URL has been launched
2025-03-23 20:46:05 [main] INFO  Group_Package.My_Project.Signin_add_product_to_Cart - Window has been maximized
2025-03-23 20:55:18 [main] INFO  Group_Package.My_Project.Signin_add_product_to_Cart - WebDriver of type chrome driver has been selected...
2025-03-23 20:55:37 [main] INFO  Group_Package.My_Project.Signin_add_product_to_Cart - URL has been launched
2025-03-23 20:55:44 [main] INFO  Group_Package.My_Project.Signin_add_product_to_Cart - Window has been maximized
2025-03-23 20:57:09 [main] INFO  Group_Package.My_Project.Signin_add_product_to_Cart - Entering the email address..ap_email
2025-03-23 20:57:23 [main] INFO  Group_Package.My_Project.Signin_add_product_to_Cart - Done entering the email address..
2025-03-23 20:57:23 [main] INFO  Group_Package.My_Project.Signin_add_product_to_Cart - Clicking on Signin..
2025-03-23 20:57:35 [main] INFO  Group_Package.My_Project.Signin_add_product_to_Cart - Done clicking on Signin..
2025-03-23 21:00:10 [main] INFO  Group_Package.My_Project.Signin_add_product_to_Cart - WebDriver of type chrome driver has been selected...
2025-03-23 21:00:31 [main] INFO  Group_Package.My_Project.Signin_add_product_to_Cart - URL has been launched
2025-03-23 21:00:38 [main] INFO  Group_Package.My_Project.Signin_add_product_to_Cart - Window has been maximized
2025-03-23 21:02:10 [main] INFO  Group_Package.My_Project.Signin_add_product_to_Cart - Entering the email address..ap_email
2025-03-23 21:02:25 [main] INFO  Group_Package.My_Project.Signin_add_product_to_Cart - Done entering the email address..
2025-03-23 21:02:25 [main] INFO  Group_Package.My_Project.Signin_add_product_to_Cart - Clicking on Signin..
2025-03-23 21:02:42 [main] INFO  Group_Package.My_Project.Signin_add_product_to_Cart - Done clicking on Signin..
2025-03-23 21:05:45 [main] INFO  Group_Package.My_Project.Signin_add_product_to_Cart - WebDriver of type chrome driver has been selected...
2025-03-23 21:06:06 [main] INFO  Group_Package.My_Project.Signin_add_product_to_Cart - URL has been launched
2025-03-23 21:06:15 [main] INFO  Group_Package.My_Project.Signin_add_product_to_Cart - Window has been maximized
2025-03-23 21:07:48 [main] INFO  Group_Package.My_Project.Signin_add_product_to_Cart - Entering the email address..ap_email
2025-03-23 21:08:06 [main] INFO  Group_Package.My_Project.Signin_add_product_to_Cart - Done entering the email address..
2025-03-23 21:08:06 [main] INFO  Group_Package.My_Project.Signin_add_product_to_Cart - Clicking on Signin..
2025-03-23 21:08:21 [main] INFO  Group_Package.My_Project.Signin_add_product_to_Cart - Done clicking on Signin..
2025-03-23 21:39:00 [main] INFO  Group_Package.My_Project.Signin_add_product_to_Cart - WebDriver of type chrome driver has been selected...
2025-03-23 21:39:35 [main] INFO  Group_Package.My_Project.Signin_add_product_to_Cart - URL has been launched
2025-03-23 21:39:44 [main] INFO  Group_Package.My_Project.Signin_add_product_to_Cart - Window has been maximized
2025-03-23 21:43:49 [main] INFO  Group_Package.My_Project.Signin_add_product_to_Cart - WebDriver of type chrome driver has been selected...
2025-03-23 21:44:21 [main] INFO  Group_Package.My_Project.Signin_add_product_to_Cart - URL has been launched
2025-03-23 21:44:32 [main] INFO  Group_Package.My_Project.Signin_add_product_to_Cart - Window has been maximized
2025-03-23 21:46:10 [main] INFO  Group_Package.My_Project.Signin_add_product_to_Cart - Entering the email address..ap_email
2025-03-23 21:46:24 [main] INFO  Group_Package.My_Project.Signin_add_product_to_Cart - Done entering the email address..
2025-03-23 21:46:24 [main] INFO  Group_Package.My_Project.Signin_add_product_to_Cart - Clicking on Signin..
2025-03-23 21:46:42 [main] INFO  Group_Package.My_Project.Signin_add_product_to_Cart - Done clicking on Signin..
2025-03-23 21:58:13 [main] INFO  Group_Package.My_Project.Signin_add_product_to_Cart - WebDriver of type chrome driver has been selected...
2025-03-23 21:58:39 [main] INFO  Group_Package.My_Project.Signin_add_product_to_Cart - URL has been launched
2025-03-23 21:58:49 [main] INFO  Group_Package.My_Project.Signin_add_product_to_Cart - Window has been maximized
2025-03-23 22:00:34 [main] INFO  Group_Package.My_Project.Signin_add_product_to_Cart - Entering the email address..ap_email
2025-03-23 22:00:53 [main] INFO  Group_Package.My_Project.Signin_add_product_to_Cart - Done entering the email address..
2025-03-23 22:00:53 [main] INFO  Group_Package.My_Project.Signin_add_product_to_Cart - Clicking on Signin..
2025-03-23 22:01:10 [main] INFO  Group_Package.My_Project.Signin_add_product_to_Cart - Done clicking on Signin..
2025-03-23 22:09:28 [main] INFO  Group_Package.My_Project.Signin_add_product_to_Cart - WebDriver of type chrome driver has been selected...
2025-03-23 22:09:59 [main] INFO  Group_Package.My_Project.Signin_add_product_to_Cart - URL has been launched
2025-03-23 22:10:08 [main] INFO  Group_Package.My_Project.Signin_add_product_to_Cart - Window has been maximized
2025-03-23 22:13:50 [main] INFO  Group_Package.My_Project.Signin_add_product_to_Cart - WebDriver of type chrome driver has been selected...
2025-03-23 22:14:45 [main] INFO  Group_Package.My_Project.Signin_add_product_to_Cart - URL has been launched
2025-03-23 22:14:56 [main] INFO  Group_Package.My_Project.Signin_add_product_to_Cart - Window has been maximized
2025-03-23 22:51:13 [main] INFO  Group_Package.My_Project.Signin_add_product_to_Cart - WebDriver of type chrome driver has been selected...
2025-03-23 22:51:32 [main] INFO  Group_Package.My_Project.Signin_add_product_to_Cart - URL has been launched
2025-03-23 22:51:37 [main] INFO  Group_Package.My_Project.Signin_add_product_to_Cart - Window has been maximized
2025-03-23 22:56:22 [main] INFO  Group_Package.My_Project.Signin_add_product_to_Cart - WebDriver of type chrome driver has been selected...
2025-03-23 22:56:50 [main] INFO  Group_Package.My_Project.Signin_add_product_to_Cart - URL has been launched
2025-03-23 22:57:00 [main] INFO  Group_Package.My_Project.Signin_add_product_to_Cart - Window has been maximized
2025-03-23 22:58:35 [main] INFO  Group_Package.My_Project.Signin_add_product_to_Cart - Entering the email address..ap_email
2025-03-23 22:58:51 [main] INFO  Group_Package.My_Project.Signin_add_product_to_Cart - Done entering the email address..
2025-03-23 22:58:51 [main] INFO  Group_Package.My_Project.Signin_add_product_to_Cart - Clicking on Signin..
2025-03-23 22:59:09 [main] INFO  Group_Package.My_Project.Signin_add_product_to_Cart - Done clicking on Signin..
2025-03-23 23:07:44 [main] INFO  Group_Package.My_Project.Signin_add_product_to_Cart - WebDriver of type chrome driver has been selected...
2025-03-23 23:08:25 [main] INFO  Group_Package.My_Project.Signin_add_product_to_Cart - URL has been launched
2025-03-23 23:08:33 [main] INFO  Group_Package.My_Project.Signin_add_product_to_Cart - Window has been maximized
2025-03-23 23:11:02 [main] INFO  Group_Package.My_Project.Signin_add_product_to_Cart - Entering the email address..ap_email
2025-03-23 23:11:24 [main] INFO  Group_Package.My_Project.Signin_add_product_to_Cart - Done entering the email address..
2025-03-23 23:11:24 [main] INFO  Group_Package.My_Project.Signin_add_product_to_Cart - Clicking on Signin..
2025-03-23 23:11:55 [main] INFO  Group_Package.My_Project.Signin_add_product_to_Cart - Done clicking on Signin..
2025-03-23 23:28:06 [main] INFO  Group_Package.My_Project.Signin_add_product_to_Cart - WebDriver of type chrome driver has been selected...
2025-03-23 23:28:16 [main] INFO  Group_Package.My_Project.Signin_add_product_to_Cart - URL has been launched
2025-03-23 23:28:21 [main] INFO  Group_Package.My_Project.Signin_add_product_to_Cart - Window has been maximized
2025-03-23 23:29:29 [main] INFO  Group_Package.My_Project.Signin_add_product_to_Cart - Entering the email address..ap_email
2025-03-23 23:29:41 [main] INFO  Group_Package.My_Project.Signin_add_product_to_Cart - Done entering the email address..
2025-03-23 23:29:41 [main] INFO  Group_Package.My_Project.Signin_add_product_to_Cart - Clicking on Signin..
2025-03-23 23:29:53 [main] INFO  Group_Package.My_Project.Signin_add_product_to_Cart - Done clicking on Signin..
2025-03-23 23:40:00 [main] INFO  Group_Package.My_Project.Signin_add_product_to_Cart - WebDriver of type chrome driver has been selected...
2025-03-23 23:40:12 [main] INFO  Group_Package.My_Project.Signin_add_product_to_Cart - URL has been launched
2025-03-23 23:40:16 [main] INFO  Group_Package.My_Project.Signin_add_product_to_Cart - Window has been maximized
2025-03-23 23:42:51 [main] INFO  Group_Package.My_Project.Signin_add_product_to_Cart - WebDriver of type chrome driver has been selected...
2025-03-23 23:43:00 [main] INFO  Group_Package.My_Project.Signin_add_product_to_Cart - URL has been launched
2025-03-23 23:43:07 [main] INFO  Group_Package.My_Project.Signin_add_product_to_Cart - Window has been maximized
2025-03-23 23:45:30 [main] INFO  Group_Package.My_Project.Signin_add_product_to_Cart - WebDriver of type chrome driver has been selected...
2025-03-23 23:45:44 [main] INFO  Group_Package.My_Project.Signin_add_product_to_Cart - URL has been launched
2025-03-23 23:45:49 [main] INFO  Group_Package.My_Project.Signin_add_product_to_Cart - Window has been maximized
2025-03-23 23:47:02 [main] INFO  Group_Package.My_Project.Signin_add_product_to_Cart - Entering the email address..ap_email
2025-03-23 23:47:13 [main] INFO  Group_Package.My_Project.Signin_add_product_to_Cart - Done entering the email address..
2025-03-23 23:47:13 [main] INFO  Group_Package.My_Project.Signin_add_product_to_Cart - Clicking on Signin..
2025-03-23 23:47:27 [main] INFO  Group_Package.My_Project.Signin_add_product_to_Cart - Done clicking on Signin..
2025-03-23 23:53:01 [main] INFO  Group_Package.My_Project.Signin_add_product_to_Cart - WebDriver of type chrome driver has been selected...
2025-03-23 23:53:14 [main] INFO  Group_Package.My_Project.Signin_add_product_to_Cart - URL has been launched
2025-03-23 23:53:16 [main] INFO  Group_Package.My_Project.Signin_add_product_to_Cart - Window has been maximized
2025-03-23 23:55:41 [main] INFO  Group_Package.My_Project.Signin_add_product_to_Cart - WebDriver of type chrome driver has been selected...
2025-03-23 23:55:58 [main] INFO  Group_Package.My_Project.Signin_add_product_to_Cart - URL has been launched
2025-03-23 23:56:05 [main] INFO  Group_Package.My_Project.Signin_add_product_to_Cart - Window has been maximized
2025-03-23 23:58:51 [main] INFO  Group_Package.My_Project.Signin_add_product_to_Cart - WebDriver of type chrome driver has been selected...
2025-03-23 23:58:59 [main] INFO  Group_Package.My_Project.Signin_add_product_to_Cart - URL has been launched
2025-03-23 23:59:06 [main] INFO  Group_Package.My_Project.Signin_add_product_to_Cart - Window has been maximized
2025-03-24 00:00:51 [main] INFO  Group_Package.My_Project.Signin_add_product_to_Cart - WebDriver of type chrome driver has been selected...
2025-03-24 00:01:05 [main] INFO  Group_Package.My_Project.Signin_add_product_to_Cart - URL has been launched
2025-03-24 00:01:07 [main] INFO  Group_Package.My_Project.Signin_add_product_to_Cart - Window has been maximized
2025-03-24 00:02:18 [main] INFO  Group_Package.My_Project.Signin_add_product_to_Cart - Entering the email address..ap_email
2025-03-24 00:02:28 [main] INFO  Group_Package.My_Project.Signin_add_product_to_Cart - Done entering the email address..
2025-03-24 00:02:28 [main] INFO  Group_Package.My_Project.Signin_add_product_to_Cart - Clicking on Signin..
2025-03-24 00:02:43 [main] INFO  Group_Package.My_Project.Signin_add_product_to_Cart - Done clicking on Signin..
2025-03-24 00:11:02 [main] INFO  Group_Package.My_Project.Signin_add_product_to_Cart - WebDriver of type chrome driver has been selected...
2025-03-24 00:11:20 [main] INFO  Group_Package.My_Project.Signin_add_product_to_Cart - URL has been launched
2025-03-24 00:11:28 [main] INFO  Group_Package.My_Project.Signin_add_product_to_Cart - Window has been maximized
2025-03-24 00:12:43 [main] INFO  Group_Package.My_Project.Signin_add_product_to_Cart - Entering the email address..ap_email
2025-03-24 00:12:55 [main] INFO  Group_Package.My_Project.Signin_add_product_to_Cart - Done entering the email address..
2025-03-24 00:12:55 [main] INFO  Group_Package.My_Project.Signin_add_product_to_Cart - Clicking on Signin..
2025-03-24 00:13:09 [main] INFO  Group_Package.My_Project.Signin_add_product_to_Cart - Done clicking on Signin..
2025-03-24 00:14:51 [main] INFO  Group_Package.My_Project.Signin_add_product_to_Cart - WebDriver of type chrome driver has been selected...
2025-03-24 08:05:39 [main] INFO  Group_Package.My_Project.Signin_add_product_to_Cart - WebDriver of type chrome driver has been selected...
2025-03-24 08:05:51 [main] INFO  Group_Package.My_Project.Signin_add_product_to_Cart - URL has been launched
2025-03-24 08:05:57 [main] INFO  Group_Package.My_Project.Signin_add_product_to_Cart - Window has been maximized
2025-03-24 08:06:26 [main] INFO  Group_Package.My_Project.Signin_add_product_to_Cart - Entering the email address..ap_email
2025-03-24 08:06:32 [main] INFO  Group_Package.My_Project.Signin_add_product_to_Cart - Done entering the email address..
2025-03-24 08:06:32 [main] INFO  Group_Package.My_Project.Signin_add_product_to_Cart - Clicking on Signin..
2025-03-24 08:06:44 [main] INFO  Group_Package.My_Project.Signin_add_product_to_Cart - Done clicking on Signin..
2025-03-24 08:06:54 [main] INFO  Group_Package.My_Project.Signin_add_product_to_Cart - Successfully Logged in to the application..
2025-03-24 08:07:03 [main] INFO  Group_Package.My_Project.Signin_add_product_to_Cart - WebDriver of type chrome driver has been selected...
2025-03-24 08:09:54 [main] INFO  Group_Package.My_Project.Signin_add_product_to_Cart - WebDriver of type chrome driver has been selected...
2025-03-24 08:10:05 [main] INFO  Group_Package.My_Project.Signin_add_product_to_Cart - URL has been launched
2025-03-24 08:10:12 [main] INFO  Group_Package.My_Project.Signin_add_product_to_Cart - Window has been maximized
